<?xml version="1.0" encoding="UTF-8"?>
<!-- Generated by org.testng.reporters.JUnitReportReporter -->
<testsuite hostname="LAPTOP-IINSEAOD" failures="0" tests="1" name="com.ds_Algo.testCases.TC_Queue" time="26.682" errors="0" timestamp="2022-05-26T14:19:02 EDT" skipped="0">
  <testcase classname="com.ds_Algo.testCases.TC_Queue" name="queue" time="26.682"/>
  <system-out/>
</testsuite> <!-- com.ds_Algo.testCases.TC_Queue -->
